<testng-results>
  <reporter-output>
  </reporter-output>
  <suite name="BDB-Browser">
    <groups>
    </groups>
    <test name="org.mindhaus.bdb.browser.BaseDPLTest">
      <class name="org.mindhaus.bdb.browser.BaseDPLTest">
        <test-method status="PASS" signature="showMetaData()" name="showMetaData" duration-ms="62" started-at="2007-08-12T15:47:38Z" depends-on-methods="org.mindhaus.bdb.browser.BaseDPLTest.putEntities" finished-at="2007-08-12T15:47:38Z">
        </test-method>
        <test-method status="PASS" signature="cleanUp()" name="cleanUp" is-config="true" duration-ms="63" started-at="2007-08-12T15:47:38Z" finished-at="2007-08-12T15:47:38Z">
        </test-method>
        <test-method status="PASS" signature="setUp()" name="setUp" is-config="true" duration-ms="656" started-at="2007-08-12T15:47:38Z" finished-at="2007-08-12T15:47:38Z">
        </test-method>
        <test-method status="PASS" signature="putEntities()" name="putEntities" duration-ms="78" started-at="2007-08-12T15:47:38Z" finished-at="2007-08-12T15:47:38Z">
        </test-method>
      </class>
    </test>
  </suite>
</testng-results>
